  backgraund.cpp
  Block.cpp
  effect.cpp
  enemy.cpp
  explosion.cpp
  fade.cpp
  game.cpp
C:\Users\student\Desktop\2Daction\2Daction\2D ActionGame\game.cpp(58,52): warning C4244: '引数': 'float' から 'int' への変換です。データが失われる可能性があります。
C:\Users\student\Desktop\2Daction\2Daction\2D ActionGame\game.cpp(58,46): warning C4244: '引数': 'float' から 'int' への変換です。データが失われる可能性があります。
C:\Users\student\Desktop\2Daction\2Daction\2D ActionGame\game.cpp(59,52): warning C4244: '引数': 'float' から 'int' への変換です。データが失われる可能性があります。
C:\Users\student\Desktop\2Daction\2Daction\2D ActionGame\game.cpp(59,46): warning C4244: '引数': 'float' から 'int' への変換です。データが失われる可能性があります。
C:\Users\student\Desktop\2Daction\2Daction\2D ActionGame\game.cpp(60,53): warning C4244: '引数': 'float' から 'int' への変換です。データが失われる可能性があります。
C:\Users\student\Desktop\2Daction\2Daction\2D ActionGame\game.cpp(60,47): warning C4244: '引数': 'float' から 'int' への変換です。データが失われる可能性があります。
C:\Users\student\Desktop\2Daction\2Daction\2D ActionGame\game.cpp(61,52): warning C4244: '引数': 'float' から 'int' への変換です。データが失われる可能性があります。
C:\Users\student\Desktop\2Daction\2Daction\2D ActionGame\game.cpp(61,46): warning C4244: '引数': 'float' から 'int' への変換です。データが失われる可能性があります。
  Input.cpp
  main.cpp
  Particle.cpp
  pause.cpp
  player.cpp
  rank.cpp
  ranking.cpp
  result.cpp
  score.cpp
  sound.cpp
  title.cpp
  wave.cpp
  コードを生成中...
title.obj : error LNK2001: 外部シンボル D3DXCreateTextureFromFileA は未解決です
Block.obj : error LNK2001: 外部シンボル D3DXCreateTextureFromFileA は未解決です
enemy.obj : error LNK2001: 外部シンボル D3DXCreateTextureFromFileA は未解決です
player.obj : error LNK2001: 外部シンボル D3DXCreateTextureFromFileA は未解決です
result.obj : error LNK2001: 外部シンボル D3DXCreateTextureFromFileA は未解決です
Input.obj : error LNK2019: 未解決の外部シンボル DirectInput8Create が関数 "long __cdecl InitKeyboard(struct HINSTANCE__ *,struct HWND__ *)" (?InitKeyboard@@YAJPEAUHINSTANCE__@@PEAUHWND__@@@Z) で参照されました
Input.obj : error LNK2019: 未解決の外部シンボル XInputGetState が関数 "void __cdecl UpdateJoypad(void)" (?UpdateJoypad@@YAXXZ) で参照されました
Input.obj : error LNK2019: 未解決の外部シンボル XInputEnable が関数 "long __cdecl InitJoypad(void)" (?InitJoypad@@YAJXZ) で参照されました
Input.obj : error LNK2001: 外部シンボル IID_IDirectInput8A は未解決です
Input.obj : error LNK2001: 外部シンボル GUID_SysKeyboard は未解決です
Input.obj : error LNK2001: 外部シンボル c_dfDIKeyboard は未解決です
main.obj : error LNK2019: 未解決の外部シンボル Direct3DCreate9 が関数 "long __cdecl Init(struct HINSTANCE__ *,struct HWND__ *,int)" (?Init@@YAJPEAUHINSTANCE__@@PEAUHWND__@@H@Z) で参照されました
main.obj : error LNK2019: 未解決の外部シンボル D3DXCreateFontA が関数 "long __cdecl Init(struct HINSTANCE__ *,struct HWND__ *,int)" (?Init@@YAJPEAUHINSTANCE__@@PEAUHWND__@@H@Z) で参照されました
C:\Program Files (x86)\Microsoft DirectX SDK (June 2010)\Lib\x86\d3d9.lib : warning LNK4272: ライブラリのコンピューターの種類 'x86' がターゲットのコンピューターの種類' x64' と競合しています
C:\Program Files (x86)\Microsoft DirectX SDK (June 2010)\Lib\x86\d3dx9.lib : warning LNK4272: ライブラリのコンピューターの種類 'x86' がターゲットのコンピューターの種類' x64' と競合しています
C:\Program Files (x86)\Microsoft DirectX SDK (June 2010)\Lib\x86\dxguid.lib : warning LNK4272: ライブラリのコンピューターの種類 'x86' がターゲットのコンピューターの種類' x64' と競合しています
C:\Program Files (x86)\Microsoft DirectX SDK (June 2010)\Lib\x86\dinput8.lib : warning LNK4272: ライブラリのコンピューターの種類 'x86' がターゲットのコンピューターの種類' x64' と競合しています
C:\Program Files (x86)\Microsoft DirectX SDK (June 2010)\Lib\x86\xinput.lib : warning LNK4272: ライブラリのコンピューターの種類 'x86' がターゲットのコンピューターの種類' x64' と競合しています
C:\Users\student\Desktop\2Daction\2Daction\x64\Debug\2D ActionGame.exe : fatal error LNK1120: 9 件の未解決の外部参照
