c:\users\student\source\repos\2d actiongame\2d actiongame\debug\vc142.pdb
c:\users\student\source\repos\2d actiongame\2d actiongame\debug\vc142.idb
c:\users\student\source\repos\2d actiongame\2d actiongame\debug\wave.obj
c:\users\student\source\repos\2d actiongame\2d actiongame\debug\title.obj
c:\users\student\source\repos\2d actiongame\2d actiongame\debug\sound.obj
c:\users\student\source\repos\2d actiongame\2d actiongame\debug\score.obj
c:\users\student\source\repos\2d actiongame\2d actiongame\debug\result.obj
c:\users\student\source\repos\2d actiongame\2d actiongame\debug\ranking.obj
c:\users\student\source\repos\2d actiongame\2d actiongame\debug\rank.obj
c:\users\student\source\repos\2d actiongame\2d actiongame\debug\player.obj
c:\users\student\source\repos\2d actiongame\2d actiongame\debug\pause.obj
c:\users\student\source\repos\2d actiongame\2d actiongame\debug\particle.obj
c:\users\student\source\repos\2d actiongame\2d actiongame\debug\main.obj
c:\users\student\source\repos\2d actiongame\2d actiongame\debug\input.obj
c:\users\student\source\repos\2d actiongame\2d actiongame\debug\game.obj
c:\users\student\source\repos\2d actiongame\2d actiongame\debug\fade.obj
c:\users\student\source\repos\2d actiongame\2d actiongame\debug\explosion.obj
c:\users\student\source\repos\2d actiongame\2d actiongame\debug\enemy.obj
c:\users\student\source\repos\2d actiongame\2d actiongame\debug\effect.obj
c:\users\student\source\repos\2d actiongame\2d actiongame\debug\block.obj
c:\users\student\source\repos\2d actiongame\2d actiongame\debug\backgraund.obj
c:\users\student\source\repos\2d actiongame\2d actiongame\debug\2d actiongame.ilk
c:\users\student\source\repos\2d actiongame\debug\2d actiongame.exe
c:\users\student\source\repos\2d actiongame\debug\2d actiongame.pdb
c:\users\student\source\repos\2d actiongame\2d actiongame\debug\2d actiongame.tlog\cl.command.1.tlog
c:\users\student\source\repos\2d actiongame\2d actiongame\debug\2d actiongame.tlog\cl.read.1.tlog
c:\users\student\source\repos\2d actiongame\2d actiongame\debug\2d actiongame.tlog\cl.write.1.tlog
c:\users\student\source\repos\2d actiongame\2d actiongame\debug\2d actiongame.tlog\link.command.1.tlog
c:\users\student\source\repos\2d actiongame\2d actiongame\debug\2d actiongame.tlog\link.read.1.tlog
c:\users\student\source\repos\2d actiongame\2d actiongame\debug\2d actiongame.tlog\link.write.1.tlog
